TN:
SF:includecontents/__init__.py
DA:0,1,1B2M2Y8AsgTpgAmY7PhCfg
LF:0
LH:0
end_of_record
TN:
SF:includecontents/backend.py
DA:1,1,8yDapEw7JLcntNpj3/Jdvg
DA:2,1,QowvZXt28MSQfN5bbw3zHw
DA:4,1,BACkJPmOiZpY+X+k7LvSBg
DA:7,1,7luFFbw3YrVlck/m4pdATg
DA:8,1,Vwxt/VjaVJgtHx8HIisXkg
DA:10,1,d4SYrsmFN/OoHAtTE4dawA
DA:11,1,eqL3kLvOpuXEUSWnvSS+cQ
DA:12,1,Paz9GrOI85WUulpZi93khw
DA:13,1,HcE8wEt8MBq/AI+IN7W4RA
DA:14,1,Po9HDTxNZ5eNYqB44539fA
DA:15,1,5keVrzhPZGMGs+maiFWlXQ
DA:16,1,7c4p4s1J9sSpcc8PlQx/NA
DA:18,1,bpxIfsVrPemVY0bs64OB7Q
DA:21,1,z3Lp8ebq6XRlsp91UY6chw
DA:22,1,fsD5DXhMPzE7UxfJMj9OWg
DA:23,1,jy/xVCSmPXGWhBaZdBfiPA
DA:24,1,NAINGldPGB5gOolQWskDuQ
DA:25,1,e/cTba/nzjBzEFNfUwa6gw
DA:19,0,CghhUqGZSVJ3KytCWA2xnQ
LF:19
LH:18
end_of_record
TN:
SF:includecontents/base.py
DA:1,1,p7hNY1S5rX9QtYADf+cK4g
DA:3,1,J/nIxf+wVRWnXItDBfIFoA
DA:4,1,jv0zHCPFrFUgQm0eCNVL2A
DA:7,1,7G99SUC0r5/HgR14mLTGFQ
DA:8,1,oIJHN+O9fbvmh0NVYSKRJg
DA:10,1,qBQ7+JACUmqoVqG5xE+U1g
DA:17,1,Mz9hkQvompkIoGGtZ82jBQ
DA:20,1,/quTOSxjDOF08WoXqBazbA
DA:22,1,FKdYip6S3NwwZzmfZlArzQ
DA:23,1,c/gYg1s82H3YtcjBgfMHcQ
DA:30,1,xjcDBnSwra0OiNOAYAwoHA
DA:31,1,DAku+weJ+s6JLJj4Ae9flw
DA:32,1,rVumqO4DscNeLjLzbLDyjA
DA:33,1,ifzGt+Tt2c/MqAEGWUsBTQ
DA:34,1,gFLKqpme/yWOGQE81ZWC6A
DA:35,1,cCzhnT+1tmGi11b28Pmfwg
DA:36,1,ajdD+kfkiohaYNo+kBGiMQ
DA:38,1,NvVxGrDiJsGH6QhWsv4EYA
DA:41,1,/Xn5Y3dcH0m8wfPc7CYlRg
DA:44,1,h7b59c4B/OAiwp/IWREAJw
DA:45,1,J5uWfWnwqUsUU3ZYEnO0yg
DA:49,1,ck7bL+rs7OUF+EAzA4tfhQ
DA:50,1,AewH3LSJ3rs1SJ+cH/6fiA
DA:51,1,H95GJtWQAVHDQZ+nCs/K2A
DA:52,1,EAVRWLNVMElZSJffNLeiWw
DA:53,1,LuUXrgqshALD6C4qNrmB/w
DA:54,1,DasIR2LMUIfgkd+AKXk/WA
DA:55,1,1w/fsDdXBFwsLc67zr34ow
DA:56,1,JclEzfxmwMgjHcre/1XT9A
DA:57,1,cPa3dAsIk+eSRfSpgwNsyg
DA:59,1,i8Iv72AGE/Kntg9/QmIw5A
DA:68,1,PFCg91WfPp0VH8k4njztMQ
DA:69,1,cag159pTJkBYG5aEE7Uokw
DA:75,1,NHthbHs3jWrwfHpnk454Tw
DA:76,1,DPtZAmLIjKwx/m+/RQnp6Q
DA:78,1,rbvLI3Pll8uJeO11WiNhIA
DA:79,1,ubFQkD1FHE5Kd1e0L/BFRA
DA:80,1,IBv7AflE4P7RtmfMkUQzqQ
DA:81,1,A/XZ048SHq6pas799ntNiQ
DA:82,1,s1p3hRpqXc1EF6eMVdjgsQ
DA:83,1,CGnsnH/caDHn8UXEs/XyGA
DA:84,1,YM1SneUSjehAD88RMF3lrA
DA:86,1,0gwdJDQ2EKsvE7VV/4M28Q
DA:91,1,z1V40fTczfh6P+v5FiuIhw
DA:92,1,LJCz4d6jdvWdBYl8j/Hrjg
DA:93,1,8sHuj4rqNT3ddXhAJqnDMQ
DA:94,1,cag159pTJkBYG5aEE7Uokw
DA:100,1,cT8e194FPB31aKII6cGFAg
DA:103,1,srvBraEYHI7YKVewEQrNmA
DA:104,1,43HqV7xD9Lh4TBsS3RdIgg
DA:114,1,KxXsx2t9gddbRwP+OQjvEg
DA:115,1,uGUl/8ln5/u2N7ovgzVIXQ
DA:116,1,+tMrvIJikSP8cCRZKFh5Zg
DA:117,1,9xkQhsPz+sGf89wX/HrRqg
DA:118,1,l4N9RnYxWnOTEhR2zOYotg
DA:120,1,PztDlsTvBNm042lujzBaRw
DA:121,1,BjJpghxeN8jG6hQt6JTkGg
DA:122,1,67ON9/z04568Aqw8qmWKzw
DA:125,1,DPPStyTBoFYsGZYSncJwmg
DA:126,1,fI4f7KD06TSaFTFFct1QVA
DA:129,1,QEi5wbYK+KWfaJmfJ/g4Sg
DA:130,1,/ZvqiDY7XVzMiSFdpC6ZCg
DA:135,1,K+dOV80AkMIXxBa6OFnpNg
DA:136,1,4sDvqL+nesnhZOa4e7s6OQ
DA:138,1,uHJ8apSfF3eXCc6RXABqCg
DA:18,0,WfxYiWknrxNFAn68TjfAFA
DA:37,0,kCYcFVurWtPLTqxCGCzamA
DA:105,0,alwJlnu2eHW90O8FHD9S+Q
DA:106,0,9x4PSWrticKwBb+wb5Livg
DA:107,0,ch1pHaj7UNkp/b2Fdfy9AA
DA:108,0,zQIhMgmJjEImRPTxvdSr9g
DA:109,0,hA3QsR4Wz2z+/4Ldfcuymw
DA:110,0,7qY6dL9qCelc/sMaOsjdVw
DA:111,0,IG6pD2+Cq9jEfSKlb8Q6zg
DA:137,0,SbBfrFEYCJXDsaLlEPziMg
LF:74
LH:64
end_of_record
TN:
SF:includecontents/engine.py
DA:1,1,6vWAvNsegNqafFN4IKLrhg
DA:3,1,J/nIxf+wVRWnXItDBfIFoA
DA:4,1,KzHQguk7adxq0MX1E1p1qw
DA:5,1,UtMHmBWnj8+wOVzTApbOXA
DA:7,1,q0eljlkAY/8SDkEcmPnrMw
DA:10,1,gJn6dJk0sZxGkpy46FqoBQ
DA:11,1,f7xfm9lFA4CHm99WsgpuXA
DA:13,1,4LgMgWBGno1n5MNJ8WRFsQ
DA:23,1,0J+zCNlptNBz1Y9XN680Zg
DA:24,1,e5bL3ZpSu7vN1/63jJHotg
DA:25,1,5vTpm34vY14/WIT2bX2Udg
DA:27,1,c+UOSjDSdLLCqr7rTtOJXA
DA:33,1,e7JGPQ/fHquKSxaFrFV7eQ
DA:42,1,Q3DY56UgyBcQPLw6tYnwoQ
DA:44,1,7lWjh1s05+LPdtnPWU+zuA
DA:26,0,YSQopzrzi/MWaCvSAL+XGQ
DA:29,0,5vTpm34vY14/WIT2bX2Udg
DA:30,0,jKuROlSS/YCvsiHz0fDBlg
DA:49,0,4DzqiX/7ADRPwHMOoyjyXg
LF:19
LH:15
end_of_record
TN:
SF:includecontents/loaders.py
DA:1,1,N6912hNEUI3K2aWHxgtnLg
DA:2,1,iILU1lZnnJKuu3q3jcEEgQ
DA:3,1,M6P3ZOydUdrRfilWhjba4A
DA:4,1,Mi8AhZg347QF3kkr3sV8Aw
DA:5,1,mSoIP73hhwnMhlAiYkSXLA
DA:7,1,q0eljlkAY/8SDkEcmPnrMw
DA:10,1,Lr5sMIS0CtPW/kRTvCtVmA
DA:12,1,TpsVu8QKqtT5KQFlZYoFUg
DA:19,1,wiWSWlZs0zf4uua01rZ97A
DA:21,1,4Zd3kdx/bibY/831JbUFPQ
DA:22,1,II4R/prXHsqDbc59RUx/Og
DA:26,1,xvWIcpcyNr0gyGcTkdMxXw
DA:27,1,r4d8guhct6HYuNktORsXLA
DA:32,1,houNZUQipZNyneqTLYmkNA
DA:42,1,nT0NTD1WdwEydvgU/2iauA
DA:47,1,YBfdXhtts2dChLZtrLJ15A
DA:52,1,fowR69QfCgqcrYVl7HwTUA
DA:23,0,1qCwHX0zTxVsno66IdPXjA
DA:24,0,HRmYgrUgQRrlHMAQ7gWdXQ
DA:28,0,HLWtLZf4A4VSUVuBo8Yd8g
DA:29,0,un2hWKPKcUOJIP7s6D1ssw
DA:30,0,HRmYgrUgQRrlHMAQ7gWdXQ
DA:39,0,i6ejbFq0y5A9XjXEHxjWAA
LF:23
LH:17
end_of_record
TN:
SF:includecontents/templatetags/__init__.py
DA:0,1,1B2M2Y8AsgTpgAmY7PhCfg
LF:0
LH:0
end_of_record
TN:
SF:includecontents/templatetags/includecontents.py
DA:1,1,p7hNY1S5rX9QtYADf+cK4g
DA:2,1,M+fJnioCegKr5JPQCShYSg
DA:3,1,4r9qJU8ZtxsrYCVa7Ij4PA
DA:4,1,iKjM6UWce6Q1fh3WriyDUg
DA:6,1,Tv9hYwyZafuZYZP5fY+ypw
DA:7,1,yYegTFq25O3iT7VMHQ+kFw
DA:8,1,pS8ny1n5oVaFoOSyKH4u2Q
DA:9,1,xRwekN8EY3JciPMHaor+DQ
DA:10,1,1sQTolLV/++lqspZMTq9pQ
DA:11,1,PAgUzFtp+5Ewr4JHWCMz9w
DA:12,1,K6ThEZw22CyPKiBBs5fT6A
DA:13,1,jv0zHCPFrFUgQm0eCNVL2A
DA:15,1,VCrHQhysSn3yRWS933BWtQ
DA:17,1,1Vod7+B5NWrlEnjzjIaSDQ
DA:19,1,t+kwwl0e82v92xHP17q9ew
DA:22,1,Va26Q58sRq2/y5rjH45feg
DA:23,1,SnPQonO2eEEIR1l6b9OqEg
DA:65,1,lVdaOTMiRTnibbd6kx3afQ
DA:68,1,3X4CORPpC9QZaJX0L4NOHw
DA:69,1,QrtrsL5dlP9N7LXiBqtvqQ
DA:71,1,749/yNpawGxZqfRZVMzC1A
DA:73,1,JOBUP0Fcick/IpWKZCLYFQ
DA:74,1,V/zynOpkG8TWmXtPjilghw
DA:76,1,WC676xHfzQK3DVHd7HqB9Q
DA:77,1,P3gA81DnLECimSeiwj0LNQ
DA:78,1,FbMD5XqnAVuriZexDuMqcg
DA:80,1,T8iRaD5Mp8Rlr3cs+nDaGg
DA:81,1,Po0G41DYMBTsM4FBnMWMiw
DA:82,1,RB2PLiSf2sEp6vYiCVjrmg
DA:83,1,lgW6qyVncC741aujrJXMDg
DA:84,1,ORu/9qpitQuH640g1UpipQ
DA:85,1,LKLsk6EC9IM781PBzn0pyQ
DA:87,1,k4X4wmE1bGF/0pbwLc0ylQ
DA:88,1,plpucfcrj1DvtW3nEjuz/w
DA:89,1,y8Suc1M4IgchY+nb/A04MA
DA:91,1,kTk5obx+3h+WqUU5h2VhVQ
DA:92,1,Po0G41DYMBTsM4FBnMWMiw
DA:93,1,Df9mg8D+DqDoXA1szjmKsg
DA:97,1,KH9ML/fQ/iYsjJNR0SAShQ
DA:98,1,LUWsR3fRHj5Q2c/e4JCO9g
DA:99,1,2vtzVnY6NLRf8Lz/zdXC3w
DA:100,1,k272eqxHl8tGGzt9zUpoqA
DA:103,1,SFr+XfIOv6p4Dlg31AFBMw
DA:104,1,fwvUv3r6rs9GfPJObBAPKw
DA:114,1,0ZAV0MrW3u0UAYFe/Ax6Ow
DA:115,1,4LgMgWBGno1n5MNJ8WRFsQ
DA:118,1,YKePs172MR0SmgzSfsySrw
DA:119,1,HgpHolWmLCZN7wpiVb41gw
DA:120,1,J+v47jDQv1M2L+inMvjsEw
DA:123,1,KxgaGtJPkScc4OG7mJ59vg
DA:124,1,x/NDzlatSI637vst+Rwq7A
DA:125,1,lvQgNGZQ8htxIAZfwOwjNw
DA:126,1,ol7J7koq/69iyOBmQFafNQ
DA:127,1,edbMMogXltRbdPggZXUF4Q
DA:129,1,Kx7O3DbdlGyBYq+TZG7UZg
DA:131,1,j+CcxAIEiLeqjzkbiEHnZA
DA:132,1,/OSJc70R7ED2MHAGoefbgw
DA:134,1,K+dOV80AkMIXxBa6OFnpNg
DA:137,1,14/FJ08LgnjasFiR9+VXyg
DA:140,1,NhwiEFYxgSItKkKpG1x/GA
DA:144,1,mbIFqGtq9NQBlP++vrD6Rg
DA:145,1,4LgMgWBGno1n5MNJ8WRFsQ
DA:154,1,YaLhMjekIHC2BhUDTKP8EQ
DA:155,1,zEXq0dRQLCgj2QYvr1FGxg
DA:156,1,dK+DUvJEmqGplZeT1h1ygg
DA:157,1,tHuFFf3gxTHU5e2Qdu9gNw
DA:158,1,ypSRBLclUPP9vpNRmpBejQ
DA:159,1,YUknLA0f4zBh9vJLwuobFw
DA:161,1,a//TU0oycEfT+5hDrDv10A
DA:162,1,Be3Ji7oKcnEj3/p4Fitx8Q
DA:163,1,8WD7iZvy4Rs+buiAL8zy9A
DA:164,1,9dYt+z2e2yydMVHL8LoPWg
DA:171,1,/7II0dGJUP7hTG1yPpca2g
DA:174,1,dr1gzPJisJYX9ze8QxZ6iw
DA:175,1,jgTShzG7y8DUArNrmHG+Xw
DA:176,1,DJn4KX5/Tv5ZOeeYHhxzRw
DA:178,1,X6+gEZvMl2Hk/A+kVAgzmw
DA:179,1,H+pPS92t7t2oFfM3Mex73g
DA:180,1,t1PkVZxlXjU0pgxUw7xUyQ
DA:181,1,gCAkdFP6V3R8Y6MWq2X25g
DA:183,1,bwBrfoaTmmrFg1pG9c9bSw
DA:187,1,LMJdcwVh+iM+9rNpTQl+WQ
DA:188,1,kycMaH6XbPuAfUpgfG1Lbg
DA:189,1,AhTT7r4bNmEsgSBSZAOsAw
DA:190,1,e1mwT/WOwB2RBD+JymJhuw
DA:192,1,yGTgieei/SAB5tLVpIc5Yg
DA:193,1,lT+cQGr81sJcttslyhpkAA
DA:198,1,/Hxr+tBqCMktshcK0FNGeA
DA:199,1,stGfAbRaUuEGRmj+0+uWUg
DA:200,1,xJobLuclptRBC4BskQLqvQ
DA:201,1,F/Hv0bpp4xkvWDGERVeLRA
DA:202,1,ORu/9qpitQuH640g1UpipQ
DA:203,1,Lhl9K0CmqGGudB5UcDOeOA
DA:204,1,3bQ1inWnG7X5tHr9WPHGXg
DA:205,1,q0s78bEoI8+nPw6Vh4pICw
DA:206,1,Yzqq4mPyoSEUQk0RR5o83g
DA:210,1,5uAwOYDTkofCKkK1Mx3jww
DA:211,1,63GkHnfD1HjvdLCmtpQ28w
DA:212,1,JK7+EZ6dg7nqTVc6P0TOww
DA:213,1,1TJwKCcgVkIKk5CgmaEzJQ
DA:214,1,4F3SMQeO0TR1F/R17XGTSg
DA:216,1,uLDjMmXeE9LQSxKNjQrZDw
DA:217,1,aYeZjCtzfJeGoM3HnH8pzQ
DA:218,1,Wng4Jhoa/MHmNKQ+QAtA+Q
DA:219,1,lMNNjSGmFxmNV+lK35+xGg
DA:220,1,eJ6zrxnLWn/k18a2vHOhRA
DA:222,1,HZgyuaqhjVkZfMLkaEgliw
DA:223,1,0MUwUMTsfYjP7X2B1rctPw
DA:225,1,zk4/g1RJJMqsC9er4u3QKw
DA:227,1,j7VWHrg2kPQxBx84CCvEUw
DA:228,1,/Kwyv1QwLvMo8P5i2Vw12Q
DA:229,1,oUqpS40eMVF1ipsbVmOdhw
DA:237,1,1RNXNNdB8j6mPhHvuKFBKQ
DA:238,1,c+QKwe8t5OCIVyeloliRtw
DA:239,1,5XCMdPMk7FrV3pE4KfbppQ
DA:240,1,oWbaSxiHj3PLHfo6qykDiw
DA:241,1,YZCJYV2XBA9/NCf9Qo3BlQ
DA:245,1,z11O679DhoWiIcsbNSPdzg
DA:248,1,PzLFSRtK7aVTbsqno6jYag
DA:251,1,oSrNtw0H0mWp4XNnYzQ/Fg
DA:254,1,2J2x6Ylb7xuXlCt0BqNhXQ
DA:255,1,F+4E2T9R4ezXMf7SFM9L1g
DA:257,1,iLiNHmtKP4NK+KElC4QnAw
DA:258,1,DZdBGHCdoETN5493uVxAIw
DA:259,1,OaWE+2fUMqAYjuPpeBLtUw
DA:260,1,WNW9H3YYP1NVyudM/BLQfQ
DA:261,1,sOvtOfk75TbAtTgkgicGHg
DA:262,1,mrX7HTkkIhZuhLrB/mRnrQ
DA:263,1,vaMbFxYWOgAj51XXR7+d2w
DA:264,1,hwfTWcA5XDJGxa52nAzdHw
DA:279,1,7+fMSNreQPyOOcZAgwCRxg
DA:280,1,WNW9H3YYP1NVyudM/BLQfQ
DA:281,1,1ntCJGXgF2+zJc1mwKrqGQ
DA:282,1,Pi1265NcShFmM4bsWe77kQ
DA:283,1,NU0lf6gCmY/C4q74Wx51gg
DA:284,1,exj7Q7PfECaUahWpZOVPiw
DA:285,1,TzAO6fPpn4JKjNd5Srm3uA
DA:287,1,tDH1Hnc3wEeVyPR6vj5SmQ
DA:291,1,4yPxNsnbSAPy1mYHU9zw5A
DA:294,1,teskR6HFVeLjDmaR9UulLg
DA:295,1,gFdnwIzxJ64X+nD2UauP7A
DA:296,1,JLeAS/sk15VEXuypIUXj3A
DA:297,1,mURIUbVdBbRKL4pCbzOB0g
DA:298,1,jbFxWX33YZJx4Wd0/wynRA
DA:300,1,PV08jNlqh57NqaqiRygOjg
DA:301,1,lM4ZdCIKumYpDLtXxgdlNQ
DA:303,1,K+dOV80AkMIXxBa6OFnpNg
DA:304,1,hjKKZPbkhYON+vil+4+P0w
DA:306,1,lLDvLusKeokfEukYbUDygA
DA:307,1,p1nCexHtKTJc66NQ1qxjSA
DA:308,1,m3iidUjxEczP25p3YfjkiA
DA:309,1,srdFV97hToYKpWwBygDuJg
DA:310,1,yYs8+vqFeyEjCsAo8yV/Vw
DA:311,1,MnzpXe1veqpfA7nIMRo0OA
DA:312,1,q1S3bAGaU3GxgWsnT6Bvog
DA:313,1,ET2TA7BA2mv2hlZsvl7/Eg
DA:314,1,CcKTV89061XPqgDWCn9GDA
DA:315,1,XpKXA5rz/qxyRXIZlx721A
DA:316,1,hm6sSsy3JOzuUzu7nIKt4w
DA:317,1,QMYE4rrb4ANd/9kZhgnzlw
DA:319,1,UE0fOl6nY6DGGY9TfVryGw
DA:321,1,MnzpXe1veqpfA7nIMRo0OA
DA:322,1,SeKjrorIE55dK6vzS73LBA
DA:324,1,gH5g2wgv4rpvH/ADqE3YEw
DA:327,1,14/FJ08LgnjasFiR9+VXyg
DA:328,1,J8H0oVg+1ngzJMwtpiYerQ
DA:330,1,NhwiEFYxgSItKkKpG1x/GA
DA:333,1,j+CcxAIEiLeqjzkbiEHnZA
DA:334,1,/xNF/fPZRLvPBSe2r7HbCw
DA:342,1,QAlJCh5QAzbrJJs5/L7tNg
DA:343,1,Zach4uipiuA+c3IxmTa7Ew
DA:344,1,ArKAvggxPcvRI1DONGF4XA
DA:345,1,M59jahhUSSmGJ2Xb5DIbYg
DA:348,1,XMABMqH2ZCNOCkwf3drfEg
DA:349,1,jtCphZsyy17yz/0jSQgaHA
DA:350,1,p43XcqpzXi7UruXqxlp45A
DA:351,1,WhuPKlA9M4opaDwYfRBY0A
DA:352,1,AM/ERUMMnAKSoQcPctlnRg
DA:353,1,zcPh3RitUWcnYJwDIyMWOg
DA:354,1,nw2I8v3mhO4cVt2C3sXW8w
DA:355,1,PfAnBg/FltS2wAX87sCypA
DA:356,1,U6WTpzsPlXtO7vxlrUQSOQ
DA:358,1,mj/EWgWSvTveHW4BIL2Wew
DA:359,1,Bd8NX3IO8Gv6vPPar5ef+w
DA:360,1,SDALUNADQgyPrd5wlpO6Mg
DA:361,1,5TZuseRHf7jwULFk4HMGrQ
DA:362,1,nQptPv/DshlpgMSxbeOYug
DA:363,1,Qi7V0H9T5oiAsxo2XNrgHQ
DA:366,1,Va26Q58sRq2/y5rjH45feg
DA:367,1,5E297QVyVVYcXyUmKZhhow
DA:385,1,vTda7ikcItpwe8F2YFikxw
DA:386,1,K4uw7vAJWFS9gFwMG7NXyA
DA:387,1,+d7YNQxuS1e9xZ7m8PrK7g
DA:390,1,HL/3s5yZviwfGiyvCueFKA
DA:392,1,ydkq78RPH4+4Xzc26tDL6Q
DA:393,1,icu4TPNu6BTGecYYsFfDGQ
DA:394,1,7DuZEWDVevSK1rM3OiUD3w
DA:395,1,5LQ/Rfn8jmzk+UwD0kHafA
DA:397,1,cGfUOLR+PdfiJwfO66MUig
DA:398,1,ZXxI82aXplT3/3cV+ZXOHg
DA:399,1,D2pef2rB1qTB5p6OCBYciw
DA:402,1,E23wFJ/FMIKMQdNn872KuQ
DA:403,1,0C23MfCgRudYoBRET1hsew
DA:404,1,2KBt1kExj2Mo+m/O9pvV6g
DA:405,1,fCc5NhprKZd1KZ72Cvgquw
DA:407,1,a//TU0oycEfT+5hDrDv10A
DA:408,1,NL0CQd0KFBmjlMsHYLpkRg
DA:409,1,wmEFSDBXO2gMdu4CxphAGg
DA:413,1,Emd4LPPI6iVk5SVNmcVadg
DA:415,1,63GkHnfD1HjvdLCmtpQ28w
DA:416,1,5rdpsarsoulQVxwGocePsg
DA:426,1,H7J0z919mzEw7TFkor+WRA
DA:427,1,h1rQC3DqkDAcN77ELIGo1A
DA:428,1,2kw6I8NEy6/+K6ttez+trA
DA:94,0,dH87oSV7BwQxs1sgLV13xQ
DA:121,0,soI91t6sYxgHZuIdBdLomA
DA:128,0,vFQd4zYllRGO+LGhVcHidw
DA:135,0,GnQJWArnEB0nTwoU6WAqdg
DA:138,0,Wi0bIY+PA4+F/ulIcfkx/w
DA:141,0,Fvirj4KS80t1xEbfx1GI4Q
DA:191,0,kycMaH6XbPuAfUpgfG1Lbg
DA:194,0,LNDh+cnbK70fU/R+tGWObQ
DA:195,0,tOlWamjgYu/FI7Z2nLxGHA
DA:197,0,kycMaH6XbPuAfUpgfG1Lbg
DA:236,0,2Ut+4vJ87lf9CEdxMsoDOQ
DA:243,0,XhuUl5mwWFuIUc4vOwa8Bw
DA:244,0,jZkiOX+bwoqCDJoT5a6dIQ
DA:265,0,ljCO710KetRhdSNGc6fIwA
DA:266,0,kSpoPN9H6U0x9FgVatrnoA
DA:269,0,w55lwvWPK3dRMloRdQHnRQ
DA:270,0,mHXagp0sApLl8qdgqcorog
DA:271,0,RJYCgYyhEqEdikOLFcIujA
DA:272,0,rWiuSuqtByoZeLgeUUUlwg
DA:273,0,kSpoPN9H6U0x9FgVatrnoA
DA:276,0,6/4Dhi687ei3NdUizFtFAQ
DA:277,0,exj7Q7PfECaUahWpZOVPiw
DA:278,0,sOvtOfk75TbAtTgkgicGHg
DA:286,0,Y14i+ezccTMVpuDMIbcQ0A
DA:288,0,tipF3JWO+Ys517fKUKYNqg
DA:320,0,DPFCCmQdaf8TJNVFQcNuSQ
DA:325,0,iDWZ3MGtViSn9+OLXlzYrQ
DA:331,0,ILtpuhO3znFv0/LLReUo2A
DA:346,0,ql1kWq1fWSboP2HeTriS+A
DA:388,0,m3jin5ZdJ28yEtdznGriJg
DA:396,0,Z9UBRDf78V6mx+1D7ImQyg
DA:410,0,YvD8aUQiXm/ZAIgNRbLdVg
DA:414,0,666UkFNDtIoXIZ0pPJf8Fg
LF:247
LH:214
end_of_record
TN:
SF:tests/settings.py
DA:1,1,ZbjHVKIq27sseOU7jVKxYA
LF:1
LH:1
end_of_record
TN:
SF:tests/test_component.py
DA:1,1,p7hNY1S5rX9QtYADf+cK4g
DA:3,1,6EqVyswJtxIE+9LVqyxOlA
DA:4,1,EpVoEAcKVbGzGi0jiSr9ug
DA:5,1,2gQBfumZWuYtwcGiTlsDzA
DA:8,1,juvX7WPJkxVTJ6X8vcGqkg
DA:9,1,EMdV1PmaljeMJ9zxz8cRRQ
DA:20,1,q1sXRyhZP2FtmLzcbWSXng
DA:21,1,7dczPPCtD0xKykiQ8/GWQg
DA:34,1,45c1KwqJUCYmP5+H95PNuA
DA:35,1,Gp7v3rCTyDD4jxOI/CLbiQ
DA:39,1,Yid63MvIYGNo9nNpQ7SyJA
DA:42,1,jSbagW05hcZGvwgOHL1iMQ
DA:43,1,Gp7v3rCTyDD4jxOI/CLbiQ
DA:47,1,rOh199hzBAJg4yjLSeEJCw
DA:50,1,AAKZhT/Q8rdTT/j5VIKXwQ
DA:51,1,0k0JTOVbacLF3A/Vr2B0Kw
DA:63,1,nxFutg11ZvskLCgmb9E2bw
LF:17
LH:17
end_of_record
TN:
SF:tests/test_multiline.py
DA:1,1,2gQBfumZWuYtwcGiTlsDzA
DA:4,1,juvX7WPJkxVTJ6X8vcGqkg
DA:5,1,AdOAqz07nScSpzxiz2afTw
LF:3
LH:3
end_of_record
TN:
SF:tests/test_tag.py
DA:1,1,2gQBfumZWuYtwcGiTlsDzA
DA:4,1,juvX7WPJkxVTJ6X8vcGqkg
DA:5,1,StGTrsGeYNUIDoCnELHLvg
DA:17,1,kxB3vBdFhBPupCIlufSbyQ
DA:18,1,9a6djy8SjxzX3NunqqFjYw
LF:5
LH:5
end_of_record
